TN:
SF:src/app/components/button/button.component.ts
FN:18,(anonymous_0)
FNF:1
FNH:1
FNDA:12,(anonymous_0)
DA:12,1
DA:16,12
DA:19,12
DA:20,12
DA:21,12
LF:5
LH:5
BRF:0
BRH:0
end_of_record
TN:
SF:src/app/components/input/input.component.ts
FN:34,(anonymous_0)
FN:41,(anonymous_1)
FNF:2
FNH:2
FNDA:13,(anonymous_0)
FNDA:13,(anonymous_1)
DA:25,1
DA:26,13
DA:31,13
DA:32,13
DA:34,13
DA:35,13
DA:36,13
DA:37,13
DA:38,13
DA:39,13
LF:10
LH:10
BRF:0
BRH:0
end_of_record
TN:
SF:src/app/components/nav-bar-return/nav-bar-return.component.ts
FN:15,(anonymous_0)
FN:17,(anonymous_1)
FNF:2
FNH:2
FNDA:3,(anonymous_0)
FNDA:1,(anonymous_1)
DA:11,1
DA:12,3
DA:13,3
DA:15,3
DA:18,1
LF:5
LH:5
BRF:0
BRH:0
end_of_record
TN:
SF:src/app/components/separate/separate.component.ts
FNF:0
FNH:0
DA:10,1
LF:1
LH:1
BRF:0
BRH:0
end_of_record
TN:
SF:src/app/components/status-bar/status-bar.component.ts
FNF:0
FNH:0
DA:10,1
LF:1
LH:1
BRF:0
BRH:0
end_of_record
TN:
SF:src/app/pages/coowork-details/coowork-details.component.ts
FN:42,(anonymous_0)
FN:31,(anonymous_1)
FN:32,(anonymous_2)
FN:43,(anonymous_3)
FN:48,(anonymous_4)
FN:61,(anonymous_5)
FN:73,(anonymous_6)
FNF:7
FNH:2
FNDA:1,(anonymous_0)
FNDA:0,(anonymous_1)
FNDA:0,(anonymous_2)
FNDA:1,(anonymous_3)
FNDA:0,(anonymous_4)
FNDA:0,(anonymous_5)
FNDA:0,(anonymous_6)
DA:29,1
DA:30,1
DA:31,1
DA:32,1
DA:33,1
DA:34,1
DA:36,1
DA:40,1
DA:42,1
DA:43,1
DA:44,1
DA:45,1
DA:48,1
DA:49,0
DA:50,0
DA:54,0
DA:55,0
DA:57,0
DA:62,0
DA:64,0
DA:66,0
DA:67,0
DA:68,0
DA:70,0
DA:74,0
LF:25
LH:13
BRDA:49,0,0,0
BRDA:62,1,0,0
BRDA:66,2,0,0
BRDA:67,3,0,0
BRDA:68,4,0,0
BRDA:70,5,0,0
BRDA:70,5,1,0
BRF:7
BRH:0
end_of_record
TN:
SF:src/app/pages/home/home.component.ts
FN:41,(anonymous_0)
FN:53,(anonymous_1)
FN:54,(anonymous_2)
FN:62,(anonymous_3)
FN:63,(anonymous_4)
FN:76,(anonymous_5)
FN:77,(anonymous_6)
FN:81,(anonymous_7)
FN:86,(anonymous_8)
FN:90,(anonymous_9)
FN:95,(anonymous_10)
FNF:11
FNH:10
FNDA:7,(anonymous_0)
FNDA:15,(anonymous_1)
FNDA:15,(anonymous_2)
FNDA:18,(anonymous_3)
FNDA:18,(anonymous_4)
FNDA:14,(anonymous_5)
FNDA:14,(anonymous_6)
FNDA:28,(anonymous_7)
FNDA:1,(anonymous_8)
FNDA:7,(anonymous_9)
FNDA:0,(anonymous_10)
DA:33,1
DA:34,7
DA:35,7
DA:37,7
DA:38,7
DA:39,7
DA:41,7
DA:42,7
DA:54,15
DA:55,15
DA:63,18
DA:65,18
DA:67,17
DA:69,17
DA:70,17
DA:71,17
DA:73,17
DA:77,14
DA:79,14
DA:81,28
DA:83,14
DA:87,1
DA:91,7
DA:92,7
DA:96,0
DA:97,0
LF:26
LH:24
BRDA:65,0,0,1
BRDA:69,1,0,5
BRDA:70,2,0,5
BRDA:71,3,0,5
BRDA:73,4,0,5
BRDA:73,4,1,12
BRDA:79,5,0,0
BRF:7
BRH:6
end_of_record
TN:
SF:src/app/pages/login/login.component.ts
FN:50,(anonymous_0)
FN:73,(anonymous_1)
FN:90,(anonymous_2)
FN:97,(anonymous_3)
FNF:4
FNH:4
FNDA:3,(anonymous_0)
FNDA:3,(anonymous_1)
FNDA:1,(anonymous_2)
FNDA:1,(anonymous_3)
DA:45,1
DA:46,3
DA:48,3
DA:51,3
DA:52,3
DA:53,3
DA:55,3
DA:73,3
DA:74,3
DA:75,0
DA:78,3
DA:79,0
DA:80,0
DA:91,1
DA:98,1
LF:15
LH:12
BRDA:74,0,0,0
BRDA:78,1,0,0
BRF:2
BRH:0
end_of_record
TN:
SF:src/app/pages/schedule/schedule.component.ts
FN:41,(anonymous_0)
FN:47,(anonymous_1)
FN:52,(anonymous_2)
FN:53,(anonymous_3)
FN:60,(anonymous_4)
FN:63,(anonymous_5)
FNF:6
FNH:0
FNDA:0,(anonymous_0)
FNDA:0,(anonymous_1)
FNDA:0,(anonymous_2)
FNDA:0,(anonymous_3)
FNDA:0,(anonymous_4)
FNDA:0,(anonymous_5)
DA:26,1
DA:27,0
DA:28,0
DA:29,0
DA:31,0
DA:33,0
DA:34,0
DA:35,0
DA:39,0
DA:42,0
DA:43,0
DA:44,0
DA:46,0
DA:47,0
DA:48,0
DA:53,0
DA:54,0
DA:55,0
DA:61,0
DA:63,0
DA:65,0
DA:66,0
LF:22
LH:1
BRDA:54,0,0,0
BRDA:65,1,0,0
BRF:2
BRH:0
end_of_record
TN:
SF:src/app/services/coowork.service.ts
FN:15,(anonymous_0)
FN:19,(anonymous_1)
FN:27,(anonymous_2)
FNF:3
FNH:3
FNDA:2,(anonymous_0)
FNDA:1,(anonymous_1)
FNDA:1,(anonymous_2)
DA:12,1
DA:15,2
DA:16,2
DA:20,1
DA:24,1
DA:28,1
DA:32,1
LF:7
LH:7
BRF:0
BRH:0
end_of_record
TN:
SF:src/app/services/user.service.ts
FN:20,(anonymous_0)
FN:25,(anonymous_1)
FN:29,(anonymous_2)
FN:33,(anonymous_3)
FN:43,(anonymous_4)
FN:55,(anonymous_5)
FNF:6
FNH:6
FNDA:6,(anonymous_0)
FNDA:1,(anonymous_1)
FNDA:1,(anonymous_2)
FNDA:1,(anonymous_3)
FNDA:1,(anonymous_4)
FNDA:1,(anonymous_5)
DA:14,1
DA:18,6
DA:20,6
DA:21,6
DA:22,6
DA:26,1
DA:30,1
DA:34,1
DA:38,1
DA:44,1
DA:48,1
DA:56,1
DA:60,1
LF:13
LH:13
BRF:0
BRH:0
end_of_record
TN:
SF:src/app/signals/coowork/coowork.hooks.ts
FN:3,CooworkHooks
FN:5,(anonymous_1)
FN:8,(anonymous_2)
FNF:3
FNH:3
FNDA:1,CooworkHooks
FNDA:8,(anonymous_1)
FNDA:8,(anonymous_2)
DA:4,1
LF:1
LH:1
BRF:0
BRH:0
end_of_record
TN:
SF:src/app/signals/coowork/coowork.methods.ts
FN:9,CooworkMethods
FN:10,(anonymous_1)
FN:11,(anonymous_2)
FN:23,(anonymous_3)
FN:34,(anonymous_4)
FN:40,(anonymous_5)
FN:51,(anonymous_6)
FN:65,(anonymous_7)
FN:77,(anonymous_8)
FN:79,(anonymous_9)
FN:94,(anonymous_10)
FNF:11
FNH:8
FNDA:1,CooworkMethods
FNDA:8,(anonymous_1)
FNDA:7,(anonymous_2)
FNDA:0,(anonymous_3)
FNDA:7,(anonymous_4)
FNDA:7,(anonymous_5)
FNDA:1,(anonymous_6)
FNDA:0,(anonymous_7)
FNDA:1,(anonymous_8)
FNDA:1,(anonymous_9)
FNDA:0,(anonymous_10)
DA:10,8
DA:12,7
DA:20,7
DA:24,0
DA:32,0
DA:35,7
DA:41,7
DA:52,1
DA:62,1
DA:66,0
DA:75,0
DA:79,1
DA:88,1
DA:95,0
LF:14
LH:9
BRDA:10,0,0,8
BRF:1
BRH:1
end_of_record
TN:
SF:src/app/signals/coowork/coowork.selectors.ts
FN:5,CooworkSelectors
FN:8,(anonymous_1)
FN:9,(anonymous_2)
FN:11,(anonymous_3)
FN:20,(anonymous_4)
FN:21,(anonymous_5)
FN:25,(anonymous_6)
FN:26,(anonymous_7)
FNF:8
FNH:6
FNDA:1,CooworkSelectors
FNDA:8,(anonymous_1)
FNDA:7,(anonymous_2)
FNDA:7,(anonymous_3)
FNDA:6,(anonymous_4)
FNDA:12,(anonymous_5)
FNDA:0,(anonymous_6)
FNDA:0,(anonymous_7)
DA:6,1
DA:8,8
DA:10,7
DA:11,7
DA:12,7
DA:13,2
DA:14,7
DA:15,2
DA:16,7
DA:17,2
DA:19,7
DA:21,12
DA:23,7
DA:25,0
DA:26,0
LF:15
LH:13
BRDA:12,0,0,2
BRDA:14,1,0,2
BRDA:16,2,0,2
BRF:3
BRH:3
end_of_record
TN:
SF:src/app/signals/coowork/coowork.state.ts
FNF:0
FNH:0
DA:18,1
DA:72,1
LF:2
LH:2
BRF:0
BRH:0
end_of_record
TN:
SF:src/app/signals/user/user.hooks.ts
FN:3,UserHooks
FN:5,(anonymous_1)
FN:8,(anonymous_2)
FNF:3
FNH:3
FNDA:1,UserHooks
FNDA:10,(anonymous_1)
FNDA:10,(anonymous_2)
DA:4,1
LF:1
LH:1
BRF:0
BRH:0
end_of_record
TN:
SF:src/app/signals/user/user.methods.ts
FN:13,UserMethods
FN:14,(anonymous_1)
FN:15,(anonymous_2)
FN:26,(anonymous_3)
FN:36,(anonymous_4)
FN:37,(anonymous_5)
FN:53,(anonymous_6)
FN:64,(anonymous_7)
FN:74,(anonymous_8)
FN:86,(anonymous_9)
FN:98,(anonymous_10)
FN:109,(anonymous_11)
FN:122,(anonymous_12)
FN:123,(anonymous_13)
FN:131,(anonymous_14)
FN:141,(anonymous_15)
FNF:16
FNH:5
FNDA:1,UserMethods
FNDA:10,(anonymous_1)
FNDA:1,(anonymous_2)
FNDA:0,(anonymous_3)
FNDA:0,(anonymous_4)
FNDA:0,(anonymous_5)
FNDA:0,(anonymous_6)
FNDA:0,(anonymous_7)
FNDA:0,(anonymous_8)
FNDA:7,(anonymous_9)
FNDA:0,(anonymous_10)
FNDA:7,(anonymous_11)
FNDA:0,(anonymous_12)
FNDA:0,(anonymous_13)
FNDA:0,(anonymous_14)
FNDA:0,(anonymous_15)
DA:14,10
DA:16,1
DA:23,1
DA:27,0
DA:34,0
DA:38,0
DA:40,0
DA:42,0
DA:54,0
DA:61,0
DA:65,0
DA:72,0
DA:75,0
DA:87,7
DA:95,7
DA:99,0
DA:107,0
DA:110,7
DA:123,0
DA:132,0
DA:142,0
DA:143,0
DA:144,0
LF:23
LH:6
BRDA:14,0,0,10
BRF:1
BRH:1
end_of_record
TN:
SF:src/app/signals/user/user.selectors.ts
FN:5,UserSelectors
FN:8,(anonymous_1)
FN:9,(anonymous_2)
FNF:3
FNH:2
FNDA:1,UserSelectors
FNDA:10,(anonymous_1)
FNDA:0,(anonymous_2)
DA:6,1
DA:8,10
DA:9,0
LF:3
LH:2
BRF:0
BRH:0
end_of_record
TN:
SF:src/app/signals/user/user.state.ts
FNF:0
FNH:0
DA:24,1
DA:66,1
LF:2
LH:2
BRF:0
BRH:0
end_of_record
TN:
SF:src/app/utils/utils.ts
FN:3,showAlert
FN:16,setAccessToken
FN:20,getAccessToken
FNF:3
FNH:3
FNDA:1,showAlert
FNDA:1,setAccessToken
FNDA:7,getAccessToken
DA:9,1
DA:17,1
DA:21,7
LF:3
LH:3
BRDA:21,0,0,7
BRDA:21,0,1,1
BRF:2
BRH:2
end_of_record
TN:
SF:src/app/utils/mocks/cooworks/cooworks.examples.ts
FNF:0
FNH:0
DA:4,1
DA:16,1
LF:2
LH:2
BRF:0
BRH:0
end_of_record
TN:
SF:src/app/utils/mocks/user/user.examples.ts
FNF:0
FNH:0
DA:5,1
DA:31,1
DA:60,1
LF:3
LH:3
BRF:0
BRH:0
end_of_record
TN:
SF:src/environments/environment.ts
FNF:0
FNH:0
DA:1,1
LF:1
LH:1
BRF:0
BRH:0
end_of_record
