TN:
SF:src/app/pages/home/home.component.ts
FN:22,(anonymous_0)
FN:24,(anonymous_1)
FN:28,(anonymous_2)
FNF:3
FNH:2
FNDA:1,(anonymous_0)
FNDA:1,(anonymous_1)
FNDA:0,(anonymous_2)
DA:19,1
DA:20,1
DA:22,1
DA:25,1
DA:29,0
DA:30,0
LF:6
LH:4
BRF:0
BRH:0
end_of_record
TN:
SF:src/app/services/user/user.service.ts
FN:15,(anonymous_0)
FN:19,(anonymous_1)
FN:25,(anonymous_2)
FN:29,(anonymous_3)
FN:35,(anonymous_4)
FN:43,(anonymous_5)
FN:47,(anonymous_6)
FNF:7
FNH:3
FNDA:3,(anonymous_0)
FNDA:1,(anonymous_1)
FNDA:0,(anonymous_2)
FNDA:1,(anonymous_3)
FNDA:0,(anonymous_4)
FNDA:0,(anonymous_5)
FNDA:0,(anonymous_6)
DA:11,1
DA:13,3
DA:15,3
DA:16,3
DA:20,1
DA:26,0
DA:30,1
DA:36,0
DA:44,0
DA:48,0
LF:10
LH:6
BRF:0
BRH:0
end_of_record
TN:
SF:src/app/signals/user/user.hooks.ts
FN:3,UserHooks
FN:5,(anonymous_1)
FN:8,(anonymous_2)
FNF:3
FNH:3
FNDA:1,UserHooks
FNDA:1,(anonymous_1)
FNDA:1,(anonymous_2)
DA:4,1
DA:6,1
DA:9,1
LF:3
LH:3
BRF:0
BRH:0
end_of_record
TN:
SF:src/app/signals/user/user.methods.ts
FN:11,UserMethods
FN:12,(anonymous_1)
FN:13,(anonymous_2)
FN:24,(anonymous_3)
FN:34,(anonymous_4)
FN:48,(anonymous_5)
FN:59,(anonymous_6)
FN:69,(anonymous_7)
FN:81,(anonymous_8)
FN:94,(anonymous_9)
FN:105,(anonymous_10)
FN:118,(anonymous_11)
FN:119,(anonymous_12)
FN:127,(anonymous_13)
FNF:14
FNH:4
FNDA:1,UserMethods
FNDA:1,(anonymous_1)
FNDA:0,(anonymous_2)
FNDA:0,(anonymous_3)
FNDA:0,(anonymous_4)
FNDA:0,(anonymous_5)
FNDA:0,(anonymous_6)
FNDA:0,(anonymous_7)
FNDA:1,(anonymous_8)
FNDA:1,(anonymous_9)
FNDA:0,(anonymous_10)
FNDA:0,(anonymous_11)
FNDA:0,(anonymous_12)
FNDA:0,(anonymous_13)
DA:12,1
DA:14,0
DA:21,0
DA:25,0
DA:32,0
DA:35,0
DA:37,0
DA:49,0
DA:56,0
DA:60,0
DA:67,0
DA:70,0
DA:82,1
DA:83,1
DA:91,1
DA:95,1
DA:103,1
DA:106,0
DA:119,0
DA:128,0
DA:129,0
LF:21
LH:6
BRDA:12,0,0,1
BRDA:82,1,0,1
BRDA:82,1,1,1
BRF:3
BRH:3
end_of_record
TN:
SF:src/app/signals/user/user.selectors.ts
FN:5,UserSelectors
FN:8,(anonymous_1)
FN:9,(anonymous_2)
FNF:3
FNH:2
FNDA:1,UserSelectors
FNDA:1,(anonymous_1)
FNDA:0,(anonymous_2)
DA:6,1
DA:8,1
DA:9,0
LF:3
LH:2
BRF:0
BRH:0
end_of_record
TN:
SF:src/app/signals/user/user.state.ts
FNF:0
FNH:0
DA:24,1
DA:62,1
LF:2
LH:2
BRF:0
BRH:0
end_of_record
